Determining if the pthread_create exist failed with the following output:
Change Dir: /home/cona/ros_msg_example/build/CMakeFiles/CMakeTmp

Run Build Command:"/usr/bin/make" "cmTC_b04ec/fast"
/usr/bin/make -f CMakeFiles/cmTC_b04ec.dir/build.make CMakeFiles/cmTC_b04ec.dir/build
make[1]: Entering directory '/home/cona/ros_msg_example/build/CMakeFiles/CMakeTmp'
Building C object CMakeFiles/cmTC_b04ec.dir/CheckSymbolExists.c.o
/usr/bin/cc     -o CMakeFiles/cmTC_b04ec.dir/CheckSymbolExists.c.o   -c /home/cona/ros_msg_example/build/CMakeFiles/CMakeTmp/CheckSymbolExists.c
Linking C executable cmTC_b04ec
/usr/bin/cmake -E cmake_link_script CMakeFiles/cmTC_b04ec.dir/link.txt --verbose=1
/usr/bin/cc       CMakeFiles/cmTC_b04ec.dir/CheckSymbolExists.c.o  -o cmTC_b04ec -rdynamic 
CMakeFiles/cmTC_b04ec.dir/CheckSymbolExists.c.o: In function `main':
CheckSymbolExists.c:(.text+0x16): undefined reference to `pthread_create'
collect2: error: ld returned 1 exit status
CMakeFiles/cmTC_b04ec.dir/build.make:97: recipe for target 'cmTC_b04ec' failed
make[1]: *** [cmTC_b04ec] Error 1
make[1]: Leaving directory '/home/cona/ros_msg_example/build/CMakeFiles/CMakeTmp'
Makefile:126: recipe for target 'cmTC_b04ec/fast' failed
make: *** [cmTC_b04ec/fast] Error 2

File /home/cona/ros_msg_example/build/CMakeFiles/CMakeTmp/CheckSymbolExists.c:
/* */
#include <pthread.h>

int main(int argc, char** argv)
{
  (void)argv;
#ifndef pthread_create
  return ((int*)(&pthread_create))[argc];
#else
  (void)argc;
  return 0;
#endif
}

Determining if the function pthread_create exists in the pthreads failed with the following output:
Change Dir: /home/cona/ros_msg_example/build/CMakeFiles/CMakeTmp

Run Build Command:"/usr/bin/make" "cmTC_29033/fast"
/usr/bin/make -f CMakeFiles/cmTC_29033.dir/build.make CMakeFiles/cmTC_29033.dir/build
make[1]: Entering directory '/home/cona/ros_msg_example/build/CMakeFiles/CMakeTmp'
Building C object CMakeFiles/cmTC_29033.dir/CheckFunctionExists.c.o
/usr/bin/cc    -DCHECK_FUNCTION_EXISTS=pthread_create   -o CMakeFiles/cmTC_29033.dir/CheckFunctionExists.c.o   -c /usr/share/cmake-3.5/Modules/CheckFunctionExists.c
Linking C executable cmTC_29033
/usr/bin/cmake -E cmake_link_script CMakeFiles/cmTC_29033.dir/link.txt --verbose=1
/usr/bin/cc   -DCHECK_FUNCTION_EXISTS=pthread_create    CMakeFiles/cmTC_29033.dir/CheckFunctionExists.c.o  -o cmTC_29033 -rdynamic -lpthreads 
/usr/bin/ld: cannot find -lpthreads
collect2: error: ld returned 1 exit status
CMakeFiles/cmTC_29033.dir/build.make:97: recipe for target 'cmTC_29033' failed
make[1]: *** [cmTC_29033] Error 1
make[1]: Leaving directory '/home/cona/ros_msg_example/build/CMakeFiles/CMakeTmp'
Makefile:126: recipe for target 'cmTC_29033/fast' failed
make: *** [cmTC_29033/fast] Error 2


